<?xml version="1.0" encoding="UTF-8" ?>
<testsuite errors="0" skipped="0" tests="1" time="0.031" failures="0" name="org.lopatka.idonc.core.AppTest">
  <properties>
    <property value="Java(TM) 2 Runtime Environment, Standard Edition" name="java.runtime.name"/>
    <property value="C:\Program Files\Java\jdk1.5.0_11\jre\bin" name="sun.boot.library.path"/>
    <property value="1.5.0_11-b03" name="java.vm.version"/>
    <property value="Sun Microsystems Inc." name="java.vm.vendor"/>
    <property value="http://java.sun.com/" name="java.vendor.url"/>
    <property value=";" name="path.separator"/>
    <property value="Java HotSpot(TM) Client VM" name="java.vm.name"/>
    <property value="sun.io" name="file.encoding.pkg"/>
    <property value="PL" name="user.country"/>
    <property value="SUN_STANDARD" name="sun.java.launcher"/>
    <property value="Service Pack 3" name="sun.os.patch.level"/>
    <property value="Java Virtual Machine Specification" name="java.vm.specification.name"/>
    <property value="D:\IDONCMaven\maven.1224698979062\trunk\idonc\idonc-core" name="user.dir"/>
    <property value="1.5.0_11-b03" name="java.runtime.version"/>
    <property value="sun.awt.Win32GraphicsEnvironment" name="java.awt.graphicsenv"/>
    <property value="D:\IDONCMaven\maven.1224698979062\trunk\idonc\idonc-core" name="basedir"/>
    <property value="C:\Program Files\Java\jdk1.5.0_11\jre\lib\endorsed" name="java.endorsed.dirs"/>
    <property value="x86" name="os.arch"/>
    <property value="C:\DOCUME~1\Bartek\LOCALS~1\Temp\surefirebooter51707.jar" name="surefire.real.class.path"/>
    <property value="C:\DOCUME~1\Bartek\LOCALS~1\Temp\" name="java.io.tmpdir"/>
    <property value="
" name="line.separator"/>
    <property value="Sun Microsystems Inc." name="java.vm.specification.vendor"/>
    <property value="" name="user.variant"/>
    <property value="Windows XP" name="os.name"/>
    <property value="Cp1250" name="sun.jnu.encoding"/>
    <property value="C:\Program Files\Java\jdk1.5.0_11\jre\bin;.;C:\WINDOWS\system32;C:\WINDOWS;C:\Program Files\php\;C:\WINDOWS\system32;C:\WINDOWS;C:\WINDOWS\System32\Wbem;D:\apache-ant-1.6.5\bin;C:\Program Files\Java\jdk1.5.0_011\bin;C:\Program Files\Subversion\bin;C:\Program Files\MySQL\MySQL Server 5.0\bin;C:\Program Files\Java\jdk1.5.0_11\bin;D:\maven-2.0.6\bin;C:\Program Files\TortoiseSVN\bin;;C:\Tex\Tex\miktex\bin;MutexDefaultx&amp;#1;Ë™;;C:\PROGRA~1\COMMON~1\MUVEET~1\030625" name="java.library.path"/>
    <property value="D:\IDONCMaven\maven.1224698979062\trunk\idonc\idonc-core\target\classes;D:\IDONCMaven\maven.1224698979062\trunk\idonc\idonc-core\target\test-classes;C:\Documents and Settings\Bartek\.m2\repository\junit\junit\3.8.1\junit-3.8.1.jar;" name="surefire.test.class.path"/>
    <property value="Java Platform API Specification" name="java.specification.name"/>
    <property value="49.0" name="java.class.version"/>
    <property value="HotSpot Client Compiler" name="sun.management.compiler"/>
    <property value="5.1" name="os.version"/>
    <property value="C:\Documents and Settings\Bartek" name="user.home"/>
    <property value="" name="user.timezone"/>
    <property value="sun.awt.windows.WPrinterJob" name="java.awt.printerjob"/>
    <property value="1.5" name="java.specification.version"/>
    <property value="Cp1250" name="file.encoding"/>
    <property value="Bartek" name="user.name"/>
    <property value="D:\IDONCMaven\maven.1224698979062\trunk\idonc\idonc-core\target\classes;D:\IDONCMaven\maven.1224698979062\trunk\idonc\idonc-core\target\test-classes;C:\Documents and Settings\Bartek\.m2\repository\junit\junit\3.8.1\junit-3.8.1.jar;" name="java.class.path"/>
    <property value="1.0" name="java.vm.specification.version"/>
    <property value="32" name="sun.arch.data.model"/>
    <property value="C:\Program Files\Java\jdk1.5.0_11\jre" name="java.home"/>
    <property value="Sun Microsystems Inc." name="java.specification.vendor"/>
    <property value="pl" name="user.language"/>
    <property value="sun.awt.windows.WToolkit" name="awt.toolkit"/>
    <property value="mixed mode, sharing" name="java.vm.info"/>
    <property value="1.5.0_11" name="java.version"/>
    <property value="C:\Program Files\Java\jdk1.5.0_11\jre\lib\ext" name="java.ext.dirs"/>
    <property value="C:\Program Files\Java\jdk1.5.0_11\jre\lib\rt.jar;C:\Program Files\Java\jdk1.5.0_11\jre\lib\i18n.jar;C:\Program Files\Java\jdk1.5.0_11\jre\lib\sunrsasign.jar;C:\Program Files\Java\jdk1.5.0_11\jre\lib\jsse.jar;C:\Program Files\Java\jdk1.5.0_11\jre\lib\jce.jar;C:\Program Files\Java\jdk1.5.0_11\jre\lib\charsets.jar;C:\Program Files\Java\jdk1.5.0_11\jre\classes" name="sun.boot.class.path"/>
    <property value="Sun Microsystems Inc." name="java.vendor"/>
    <property value="C:\Documents and Settings\Bartek\.m2\repository" name="localRepository"/>
    <property value="\" name="file.separator"/>
    <property value="http://java.sun.com/cgi-bin/bugreport.cgi" name="java.vendor.url.bug"/>
    <property value="little" name="sun.cpu.endian"/>
    <property value="UnicodeLittle" name="sun.io.unicode.encoding"/>
    <property value="windows" name="sun.desktop"/>
    <property value="" name="sun.cpu.isalist"/>
  </properties>
  <testcase classname="org.lopatka.idonc.core.AppTest" time="0" name="testApp"/>
</testsuite>